0 info it worked if it ends with ok
1 verbose cli [ '/usr/local/Cellar/node/7.7.3/bin/node',
1 verbose cli   '/usr/local/bin/npm',
1 verbose cli   'run',
1 verbose cli   'ios' ]
2 info using npm@4.1.2
3 info using node@v7.7.3
4 verbose run-script [ 'preios', 'ios', 'postios' ]
5 info lifecycle NovaEmporium@0.1.0~preios: NovaEmporium@0.1.0
6 silly lifecycle NovaEmporium@0.1.0~preios: no script for preios, continuing
7 info lifecycle NovaEmporium@0.1.0~ios: NovaEmporium@0.1.0
8 verbose lifecycle NovaEmporium@0.1.0~ios: unsafe-perm in lifecycle true
9 verbose lifecycle NovaEmporium@0.1.0~ios: PATH: /usr/local/lib/node_modules/npm/bin/node-gyp-bin:/Users/Owner/Desktop/NovaEmp/TheDirtySandwich-willem-wireframe3/node_modules/.bin:/Library/Frameworks/Python.framework/Versions/3.5/bin:/usr/local/bin:/usr/bin:/bin:/usr/sbin:/sbin
10 verbose lifecycle NovaEmporium@0.1.0~ios: CWD: /Users/Owner/Desktop/NovaEmp/TheDirtySandwich-willem-wireframe3
11 silly lifecycle NovaEmporium@0.1.0~ios: Args: [ '-c', 'react-native-scripts ios' ]
12 info lifecycle NovaEmporium@0.1.0~ios: Failed to exec ios script
13 verbose stack Error: NovaEmporium@0.1.0 ios: `react-native-scripts ios`
13 verbose stack spawn ENOENT
13 verbose stack     at ChildProcess.<anonymous> (/usr/local/lib/node_modules/npm/lib/utils/spawn.js:33:16)
13 verbose stack     at emitTwo (events.js:106:13)
13 verbose stack     at ChildProcess.emit (events.js:194:7)
13 verbose stack     at maybeClose (internal/child_process.js:899:16)
13 verbose stack     at Process.ChildProcess._handle.onexit (internal/child_process.js:226:5)
14 verbose pkgid NovaEmporium@0.1.0
15 verbose cwd /Users/Owner/Desktop/NovaEmp/TheDirtySandwich-willem-wireframe3
16 error Darwin 16.7.0
17 error argv "/usr/local/Cellar/node/7.7.3/bin/node" "/usr/local/bin/npm" "run" "ios"
18 error node v7.7.3
19 error npm  v4.1.2
20 error file sh
21 error code ELIFECYCLE
22 error errno ENOENT
23 error syscall spawn
24 error NovaEmporium@0.1.0 ios: `react-native-scripts ios`
24 error spawn ENOENT
25 error Failed at the NovaEmporium@0.1.0 ios script 'react-native-scripts ios'.
25 error Make sure you have the latest version of node.js and npm installed.
25 error If you do, this is most likely a problem with the NovaEmporium package,
25 error not with npm itself.
25 error Tell the author that this fails on your system:
25 error     react-native-scripts ios
25 error You can get information on how to open an issue for this project with:
25 error     npm bugs NovaEmporium
25 error Or if that isn't available, you can get their info via:
25 error     npm owner ls NovaEmporium
25 error There is likely additional logging output above.
26 verbose exit [ 1, true ]
